Analysis & Synthesis report for Simulateur_De
Thu Nov 20 12:30:02 2025
Quartus Prime Version 17.1.0 Build 590 10/25/2017 SJ Lite Edition


---------------------
; Table of Contents ;
---------------------
  1. Legal Notice
  2. Analysis & Synthesis Summary
  3. Analysis & Synthesis Settings
  4. Parallel Compilation
  5. Analysis & Synthesis Source Files Read
  6. Analysis & Synthesis Resource Usage Summary
  7. Analysis & Synthesis Resource Utilization by Entity
  8. General Register Statistics
  9. Parameter Settings for User Entity Instance: Top-level Entity: |simulateur_de
 10. Parameter Settings for User Entity Instance: change_value:inc_module
 11. Parameter Settings for User Entity Instance: change_value:dec_module
 12. Parameter Settings for User Entity Instance: afficheur_de:affichage_selection|afficheur7s:hex0_inst
 13. Parameter Settings for User Entity Instance: afficheur_de:affichage_selection|afficheur7s:hex1_inst
 14. Parameter Settings for User Entity Instance: afficheur_de:affichage_selection|afficheur7s:hex2_inst
 15. Parameter Settings for User Entity Instance: afficheur_de:affichage_selection|afficheur7s:hex3_inst
 16. Port Connectivity Checks: "afficheur_de:affichage_selection|afficheur7s:hex3_inst"
 17. Port Connectivity Checks: "afficheur_de:affichage_selection|afficheur7s:hex2_inst"
 18. Port Connectivity Checks: "afficheur_de:affichage_selection|afficheur7s:hex1_inst"
 19. Port Connectivity Checks: "afficheur_de:affichage_selection|afficheur7s:hex0_inst"
 20. Port Connectivity Checks: "throw_dice:pulled_value"
 21. Port Connectivity Checks: "change_value:dec_module"
 22. Port Connectivity Checks: "change_value:inc_module"
 23. Post-Synthesis Netlist Statistics for Top Partition
 24. Elapsed Time Per Partition
 25. Analysis & Synthesis Messages



----------------
; Legal Notice ;
----------------
Copyright (C) 2017  Intel Corporation. All rights reserved.
Your use of Intel Corporation's design tools, logic functions 
and other software and tools, and its AMPP partner logic 
functions, and any output files from any of the foregoing 
(including device programming or simulation files), and any 
associated documentation or information are expressly subject 
to the terms and conditions of the Intel Program License 
Subscription Agreement, the Intel Quartus Prime License Agreement,
the Intel FPGA IP License Agreement, or other applicable license
agreement, including, without limitation, that your use is for
the sole purpose of programming logic devices manufactured by
Intel and sold by Intel or its authorized distributors.  Please
refer to the applicable agreement for further details.



+----------------------------------------------------------------------------------+
; Analysis & Synthesis Summary                                                     ;
+------------------------------------+---------------------------------------------+
; Analysis & Synthesis Status        ; Successful - Thu Nov 20 12:30:02 2025       ;
; Quartus Prime Version              ; 17.1.0 Build 590 10/25/2017 SJ Lite Edition ;
; Revision Name                      ; Simulateur_De                               ;
; Top-level Entity Name              ; simulateur_de                               ;
; Family                             ; Cyclone IV E                                ;
; Total logic elements               ; 0                                           ;
;     Total combinational functions  ; 0                                           ;
;     Dedicated logic registers      ; 0                                           ;
; Total registers                    ; 0                                           ;
; Total pins                         ; 46                                          ;
; Total virtual pins                 ; 0                                           ;
; Total memory bits                  ; 0                                           ;
; Embedded Multiplier 9-bit elements ; 0                                           ;
; Total PLLs                         ; 0                                           ;
+------------------------------------+---------------------------------------------+


+----------------------------------------------------------------------------------------------------------------------+
; Analysis & Synthesis Settings                                                                                        ;
+----------------------------------------------------------------------------+--------------------+--------------------+
; Option                                                                     ; Setting            ; Default Value      ;
+----------------------------------------------------------------------------+--------------------+--------------------+
; Device                                                                     ; EP4CE115F29C7      ;                    ;
; Top-level entity name                                                      ; simulateur_de      ; Simulateur_De      ;
; Family name                                                                ; Cyclone IV E       ; Cyclone V          ;
; Use smart compilation                                                      ; Off                ; Off                ;
; Enable parallel Assembler and TimeQuest Timing Analyzer during compilation ; On                 ; On                 ;
; Enable compact report table                                                ; Off                ; Off                ;
; Restructure Multiplexers                                                   ; Auto               ; Auto               ;
; Create Debugging Nodes for IP Cores                                        ; Off                ; Off                ;
; Preserve fewer node names                                                  ; On                 ; On                 ;
; Intel FPGA IP Evaluation Mode                                              ; Enable             ; Enable             ;
; Verilog Version                                                            ; Verilog_2001       ; Verilog_2001       ;
; VHDL Version                                                               ; VHDL_1993          ; VHDL_1993          ;
; State Machine Processing                                                   ; Auto               ; Auto               ;
; Safe State Machine                                                         ; Off                ; Off                ;
; Extract Verilog State Machines                                             ; On                 ; On                 ;
; Extract VHDL State Machines                                                ; On                 ; On                 ;
; Ignore Verilog initial constructs                                          ; Off                ; Off                ;
; Iteration limit for constant Verilog loops                                 ; 5000               ; 5000               ;
; Iteration limit for non-constant Verilog loops                             ; 250                ; 250                ;
; Add Pass-Through Logic to Inferred RAMs                                    ; On                 ; On                 ;
; Infer RAMs from Raw Logic                                                  ; On                 ; On                 ;
; Parallel Synthesis                                                         ; On                 ; On                 ;
; DSP Block Balancing                                                        ; Auto               ; Auto               ;
; NOT Gate Push-Back                                                         ; On                 ; On                 ;
; Power-Up Don't Care                                                        ; On                 ; On                 ;
; Remove Redundant Logic Cells                                               ; Off                ; Off                ;
; Remove Duplicate Registers                                                 ; On                 ; On                 ;
; Ignore CARRY Buffers                                                       ; Off                ; Off                ;
; Ignore CASCADE Buffers                                                     ; Off                ; Off                ;
; Ignore GLOBAL Buffers                                                      ; Off                ; Off                ;
; Ignore ROW GLOBAL Buffers                                                  ; Off                ; Off                ;
; Ignore LCELL Buffers                                                       ; Off                ; Off                ;
; Ignore SOFT Buffers                                                        ; On                 ; On                 ;
; Limit AHDL Integers to 32 Bits                                             ; Off                ; Off                ;
; Optimization Technique                                                     ; Balanced           ; Balanced           ;
; Carry Chain Length                                                         ; 70                 ; 70                 ;
; Auto Carry Chains                                                          ; On                 ; On                 ;
; Auto Open-Drain Pins                                                       ; On                 ; On                 ;
; Perform WYSIWYG Primitive Resynthesis                                      ; Off                ; Off                ;
; Auto ROM Replacement                                                       ; On                 ; On                 ;
; Auto RAM Replacement                                                       ; On                 ; On                 ;
; Auto DSP Block Replacement                                                 ; On                 ; On                 ;
; Auto Shift Register Replacement                                            ; Auto               ; Auto               ;
; Allow Shift Register Merging across Hierarchies                            ; Auto               ; Auto               ;
; Auto Clock Enable Replacement                                              ; On                 ; On                 ;
; Strict RAM Replacement                                                     ; Off                ; Off                ;
; Allow Synchronous Control Signals                                          ; On                 ; On                 ;
; Force Use of Synchronous Clear Signals                                     ; Off                ; Off                ;
; Auto RAM Block Balancing                                                   ; On                 ; On                 ;
; Auto RAM to Logic Cell Conversion                                          ; Off                ; Off                ;
; Auto Resource Sharing                                                      ; Off                ; Off                ;
; Allow Any RAM Size For Recognition                                         ; Off                ; Off                ;
; Allow Any ROM Size For Recognition                                         ; Off                ; Off                ;
; Allow Any Shift Register Size For Recognition                              ; Off                ; Off                ;
; Use LogicLock Constraints during Resource Balancing                        ; On                 ; On                 ;
; Ignore translate_off and synthesis_off directives                          ; Off                ; Off                ;
; Timing-Driven Synthesis                                                    ; On                 ; On                 ;
; Report Parameter Settings                                                  ; On                 ; On                 ;
; Report Source Assignments                                                  ; On                 ; On                 ;
; Report Connectivity Checks                                                 ; On                 ; On                 ;
; Ignore Maximum Fan-Out Assignments                                         ; Off                ; Off                ;
; Synchronization Register Chain Length                                      ; 2                  ; 2                  ;
; Power Optimization During Synthesis                                        ; Normal compilation ; Normal compilation ;
; HDL message level                                                          ; Level2             ; Level2             ;
; Suppress Register Optimization Related Messages                            ; Off                ; Off                ;
; Number of Removed Registers Reported in Synthesis Report                   ; 5000               ; 5000               ;
; Number of Swept Nodes Reported in Synthesis Report                         ; 5000               ; 5000               ;
; Number of Inverted Registers Reported in Synthesis Report                  ; 100                ; 100                ;
; Clock MUX Protection                                                       ; On                 ; On                 ;
; Auto Gated Clock Conversion                                                ; Off                ; Off                ;
; Block Design Naming                                                        ; Auto               ; Auto               ;
; SDC constraint protection                                                  ; Off                ; Off                ;
; Synthesis Effort                                                           ; Auto               ; Auto               ;
; Shift Register Replacement - Allow Asynchronous Clear Signal               ; On                 ; On                 ;
; Pre-Mapping Resynthesis Optimization                                       ; Off                ; Off                ;
; Analysis & Synthesis Message Level                                         ; Medium             ; Medium             ;
; Disable Register Merging Across Hierarchies                                ; Auto               ; Auto               ;
; Resource Aware Inference For Block RAM                                     ; On                 ; On                 ;
+----------------------------------------------------------------------------+--------------------+--------------------+


+------------------------------------------+
; Parallel Compilation                     ;
+----------------------------+-------------+
; Processors                 ; Number      ;
+----------------------------+-------------+
; Number detected on machine ; 14          ;
; Maximum allowed            ; 12          ;
;                            ;             ;
; Average used               ; 1.00        ;
; Maximum used               ; 1           ;
;                            ;             ;
; Usage by Processor         ; % Time Used ;
;     Processor 1            ; 100.0%      ;
+----------------------------+-------------+


+--------------------------------------------------------------------------------------------------------------------------------------+
; Analysis & Synthesis Source Files Read                                                                                               ;
+----------------------------------+-----------------+------------------------+----------------------------------------------+---------+
; File Name with User-Entered Path ; Used in Netlist ; File Type              ; File Name with Absolute Path                 ; Library ;
+----------------------------------+-----------------+------------------------+----------------------------------------------+---------+
; afficheur7s.v                    ; yes             ; User Verilog HDL File  ; C:/quartus/HDL_TP4_SUJET1_de/afficheur7s.v   ;         ;
; simulateur_de.v                  ; yes             ; User Verilog HDL File  ; C:/quartus/HDL_TP4_SUJET1_de/simulateur_de.v ;         ;
; change_value.v                   ; yes             ; User Verilog HDL File  ; C:/quartus/HDL_TP4_SUJET1_de/change_value.v  ;         ;
; throw_dice.v                     ; yes             ; User Verilog HDL File  ; C:/quartus/HDL_TP4_SUJET1_de/throw_dice.v    ;         ;
; lfsr8.v                          ; yes             ; User Verilog HDL File  ; C:/quartus/HDL_TP4_SUJET1_de/lfsr8.v         ;         ;
; afficheur_de.v                   ; yes             ; User Verilog HDL File  ; C:/quartus/HDL_TP4_SUJET1_de/afficheur_de.v  ;         ;
+----------------------------------+-----------------+------------------------+----------------------------------------------+---------+


+-----------------------------------------------------+
; Analysis & Synthesis Resource Usage Summary         ;
+---------------------------------------------+-------+
; Resource                                    ; Usage ;
+---------------------------------------------+-------+
;                                             ;       ;
; Total combinational functions               ; 0     ;
; Logic element usage by number of LUT inputs ;       ;
;     -- 4 input functions                    ; 0     ;
;     -- 3 input functions                    ; 0     ;
;     -- <=2 input functions                  ; 0     ;
;                                             ;       ;
; Logic elements by mode                      ;       ;
;     -- normal mode                          ; 0     ;
;     -- arithmetic mode                      ; 0     ;
;                                             ;       ;
; Total registers                             ; 0     ;
;     -- Dedicated logic registers            ; 0     ;
;     -- I/O registers                        ; 0     ;
;                                             ;       ;
; I/O pins                                    ; 46    ;
;                                             ;       ;
; Embedded Multiplier 9-bit elements          ; 0     ;
;                                             ;       ;
; Maximum fan-out node                        ; Clk   ;
; Maximum fan-out                             ; 1     ;
; Total fan-out                               ; 46    ;
; Average fan-out                             ; 0.50  ;
+---------------------------------------------+-------+


+------------------------------------------------------------------------------------------------------------------------------------------------------------------------------------------------------------+
; Analysis & Synthesis Resource Utilization by Entity                                                                                                                                                        ;
+----------------------------+---------------------+---------------------------+-------------+--------------+---------+-----------+------+--------------+---------------------+---------------+--------------+
; Compilation Hierarchy Node ; Combinational ALUTs ; Dedicated Logic Registers ; Memory Bits ; DSP Elements ; DSP 9x9 ; DSP 18x18 ; Pins ; Virtual Pins ; Full Hierarchy Name ; Entity Name   ; Library Name ;
+----------------------------+---------------------+---------------------------+-------------+--------------+---------+-----------+------+--------------+---------------------+---------------+--------------+
; |simulateur_de             ; 0 (0)               ; 0 (0)                     ; 0           ; 0            ; 0       ; 0         ; 46   ; 0            ; |simulateur_de      ; simulateur_de ; work         ;
+----------------------------+---------------------+---------------------------+-------------+--------------+---------+-----------+------+--------------+---------------------+---------------+--------------+
Note: For table entries with two numbers listed, the numbers in parentheses indicate the number of resources of the given type used by the specific entity alone. The numbers listed outside of parentheses indicate the total resources of the given type used by the specific entity and all of its sub-entities in the hierarchy.


+------------------------------------------------------+
; General Register Statistics                          ;
+----------------------------------------------+-------+
; Statistic                                    ; Value ;
+----------------------------------------------+-------+
; Total registers                              ; 0     ;
; Number of registers using Synchronous Clear  ; 0     ;
; Number of registers using Synchronous Load   ; 0     ;
; Number of registers using Asynchronous Clear ; 0     ;
; Number of registers using Asynchronous Load  ; 0     ;
; Number of registers using Clock Enable       ; 0     ;
; Number of registers using Preset             ; 0     ;
+----------------------------------------------+-------+


+-------------------------------------------------------------------------------+
; Parameter Settings for User Entity Instance: Top-level Entity: |simulateur_de ;
+----------------+-------+------------------------------------------------------+
; Parameter Name ; Value ; Type                                                 ;
+----------------+-------+------------------------------------------------------+
; DEFAULT_DICE   ; 0     ; Signed Integer                                       ;
+----------------+-------+------------------------------------------------------+
Note: In order to hide this table in the UI and the text report file, please set the "Show Parameter Settings in Synthesis Report" option in "Analysis and Synthesis Settings -> More Settings" to "Off".


+----------------------------------------------------------------------+
; Parameter Settings for User Entity Instance: change_value:inc_module ;
+----------------+-------+---------------------------------------------+
; Parameter Name ; Value ; Type                                        ;
+----------------+-------+---------------------------------------------+
; MAX            ; 7     ; Signed Integer                              ;
+----------------+-------+---------------------------------------------+
Note: In order to hide this table in the UI and the text report file, please set the "Show Parameter Settings in Synthesis Report" option in "Analysis and Synthesis Settings -> More Settings" to "Off".


+----------------------------------------------------------------------+
; Parameter Settings for User Entity Instance: change_value:dec_module ;
+----------------+-------+---------------------------------------------+
; Parameter Name ; Value ; Type                                        ;
+----------------+-------+---------------------------------------------+
; MAX            ; 7     ; Signed Integer                              ;
+----------------+-------+---------------------------------------------+
Note: In order to hide this table in the UI and the text report file, please set the "Show Parameter Settings in Synthesis Report" option in "Analysis and Synthesis Settings -> More Settings" to "Off".


+-----------------------------------------------------------------------------------------------------+
; Parameter Settings for User Entity Instance: afficheur_de:affichage_selection|afficheur7s:hex0_inst ;
+----------------+-------+----------------------------------------------------------------------------+
; Parameter Name ; Value ; Type                                                                       ;
+----------------+-------+----------------------------------------------------------------------------+
; COMMON_ANODE   ; 1     ; Signed Integer                                                             ;
+----------------+-------+----------------------------------------------------------------------------+
Note: In order to hide this table in the UI and the text report file, please set the "Show Parameter Settings in Synthesis Report" option in "Analysis and Synthesis Settings -> More Settings" to "Off".


+-----------------------------------------------------------------------------------------------------+
; Parameter Settings for User Entity Instance: afficheur_de:affichage_selection|afficheur7s:hex1_inst ;
+----------------+-------+----------------------------------------------------------------------------+
; Parameter Name ; Value ; Type                                                                       ;
+----------------+-------+----------------------------------------------------------------------------+
; COMMON_ANODE   ; 1     ; Signed Integer                                                             ;
+----------------+-------+----------------------------------------------------------------------------+
Note: In order to hide this table in the UI and the text report file, please set the "Show Parameter Settings in Synthesis Report" option in "Analysis and Synthesis Settings -> More Settings" to "Off".


+-----------------------------------------------------------------------------------------------------+
; Parameter Settings for User Entity Instance: afficheur_de:affichage_selection|afficheur7s:hex2_inst ;
+----------------+-------+----------------------------------------------------------------------------+
; Parameter Name ; Value ; Type                                                                       ;
+----------------+-------+----------------------------------------------------------------------------+
; COMMON_ANODE   ; 1     ; Signed Integer                                                             ;
+----------------+-------+----------------------------------------------------------------------------+
Note: In order to hide this table in the UI and the text report file, please set the "Show Parameter Settings in Synthesis Report" option in "Analysis and Synthesis Settings -> More Settings" to "Off".


+-----------------------------------------------------------------------------------------------------+
; Parameter Settings for User Entity Instance: afficheur_de:affichage_selection|afficheur7s:hex3_inst ;
+----------------+-------+----------------------------------------------------------------------------+
; Parameter Name ; Value ; Type                                                                       ;
+----------------+-------+----------------------------------------------------------------------------+
; COMMON_ANODE   ; 1     ; Signed Integer                                                             ;
+----------------+-------+----------------------------------------------------------------------------+
Note: In order to hide this table in the UI and the text report file, please set the "Show Parameter Settings in Synthesis Report" option in "Analysis and Synthesis Settings -> More Settings" to "Off".


+------------------------------------------------------------------------------------+
; Port Connectivity Checks: "afficheur_de:affichage_selection|afficheur7s:hex3_inst" ;
+------+-------+----------+----------------------------------------------------------+
; Port ; Type  ; Severity ; Details                                                  ;
+------+-------+----------+----------------------------------------------------------+
; E    ; Input ; Info     ; Stuck at VCC                                             ;
+------+-------+----------+----------------------------------------------------------+


+------------------------------------------------------------------------------------+
; Port Connectivity Checks: "afficheur_de:affichage_selection|afficheur7s:hex2_inst" ;
+------+-------+----------+----------------------------------------------------------+
; Port ; Type  ; Severity ; Details                                                  ;
+------+-------+----------+----------------------------------------------------------+
; E    ; Input ; Info     ; Stuck at VCC                                             ;
+------+-------+----------+----------------------------------------------------------+


+------------------------------------------------------------------------------------+
; Port Connectivity Checks: "afficheur_de:affichage_selection|afficheur7s:hex1_inst" ;
+---------+-------+----------+-------------------------------------------------------+
; Port    ; Type  ; Severity ; Details                                               ;
+---------+-------+----------+-------------------------------------------------------+
; E[3..2] ; Input ; Info     ; Stuck at VCC                                          ;
; E[1]    ; Input ; Info     ; Stuck at GND                                          ;
; E[0]    ; Input ; Info     ; Stuck at VCC                                          ;
+---------+-------+----------+-------------------------------------------------------+


+------------------------------------------------------------------------------------+
; Port Connectivity Checks: "afficheur_de:affichage_selection|afficheur7s:hex0_inst" ;
+---------+-------+----------+-------------------------------------------------------+
; Port    ; Type  ; Severity ; Details                                               ;
+---------+-------+----------+-------------------------------------------------------+
; E[2..1] ; Input ; Info     ; Stuck at VCC                                          ;
; E[3]    ; Input ; Info     ; Stuck at GND                                          ;
; E[0]    ; Input ; Info     ; Stuck at GND                                          ;
+---------+-------+----------+-------------------------------------------------------+


+---------------------------------------------------------------------------------------------------------------------+
; Port Connectivity Checks: "throw_dice:pulled_value"                                                                 ;
+-----------+--------+----------+-------------------------------------------------------------------------------------+
; Port      ; Type   ; Severity ; Details                                                                             ;
+-----------+--------+----------+-------------------------------------------------------------------------------------+
; new_value ; Output ; Info     ; Connected to dangling logic. Logic that only feeds a dangling port will be removed. ;
+-----------+--------+----------+-------------------------------------------------------------------------------------+


+-----------------------------------------------------------------------------------------------------------------------------------------------------------------------------------------------------------------------+
; Port Connectivity Checks: "change_value:dec_module"                                                                                                                                                                   ;
+---------------+-------+----------+------------------------------------------------------------------------------------------------------------------------------------------------------------------------------------+
; Port          ; Type  ; Severity ; Details                                                                                                                                                                            ;
+---------------+-------+----------+------------------------------------------------------------------------------------------------------------------------------------------------------------------------------------+
; increment     ; Input ; Warning  ; Input port expression (32 bits) is wider than the input port (1 bits) it drives.  The 31 most-significant bit(s) in the expression will be dangling if they have no other fanouts. ;
; increment[-1] ; Input ; Info     ; Stuck at GND                                                                                                                                                                       ;
+---------------+-------+----------+------------------------------------------------------------------------------------------------------------------------------------------------------------------------------------+


+-----------------------------------------------------------------------------------------------------------------------------------------------------------------------------------------------------------------------+
; Port Connectivity Checks: "change_value:inc_module"                                                                                                                                                                   ;
+---------------+-------+----------+------------------------------------------------------------------------------------------------------------------------------------------------------------------------------------+
; Port          ; Type  ; Severity ; Details                                                                                                                                                                            ;
+---------------+-------+----------+------------------------------------------------------------------------------------------------------------------------------------------------------------------------------------+
; increment     ; Input ; Warning  ; Input port expression (32 bits) is wider than the input port (1 bits) it drives.  The 31 most-significant bit(s) in the expression will be dangling if they have no other fanouts. ;
; increment[-1] ; Input ; Info     ; Stuck at VCC                                                                                                                                                                       ;
+---------------+-------+----------+------------------------------------------------------------------------------------------------------------------------------------------------------------------------------------+


+-----------------------------------------------------+
; Post-Synthesis Netlist Statistics for Top Partition ;
+-----------------------+-----------------------------+
; Type                  ; Count                       ;
+-----------------------+-----------------------------+
; boundary_port         ; 46                          ;
; cycloneiii_lcell_comb ; 2                           ;
;     normal            ; 2                           ;
;         0 data inputs ; 2                           ;
;                       ;                             ;
; Max LUT depth         ; 0.00                        ;
; Average LUT depth     ; 0.00                        ;
+-----------------------+-----------------------------+


+-------------------------------+
; Elapsed Time Per Partition    ;
+----------------+--------------+
; Partition Name ; Elapsed Time ;
+----------------+--------------+
; Top            ; 00:00:00     ;
+----------------+--------------+


+-------------------------------+
; Analysis & Synthesis Messages ;
+-------------------------------+
Info: *******************************************************************
Info: Running Quartus Prime Analysis & Synthesis
    Info: Version 17.1.0 Build 590 10/25/2017 SJ Lite Edition
    Info: Processing started: Thu Nov 20 12:29:54 2025
Info: Command: quartus_map --read_settings_files=on --write_settings_files=off HDL_TP4_SUJET1 -c Simulateur_De
Warning (18236): Number of processors has not been specified which may cause overloading on shared machines.  Set the global assignment NUM_PARALLEL_PROCESSORS in your QSF to an appropriate value for best performance.
Info (20030): Parallel compilation is enabled and will use 12 of the 12 processors detected
Info (12021): Found 1 design units, including 1 entities, in source file afficheur7s.v
    Info (12023): Found entity 1: afficheur7s File: C:/quartus/HDL_TP4_SUJET1_de/afficheur7s.v Line: 1
Info (12021): Found 1 design units, including 1 entities, in source file simulateur_de.v
    Info (12023): Found entity 1: simulateur_de File: C:/quartus/HDL_TP4_SUJET1_de/simulateur_de.v Line: 1
Info (12021): Found 1 design units, including 1 entities, in source file block1.bdf
    Info (12023): Found entity 1: Block1
Info (12021): Found 1 design units, including 1 entities, in source file change_value.v
    Info (12023): Found entity 1: change_value File: C:/quartus/HDL_TP4_SUJET1_de/change_value.v Line: 1
Info (12021): Found 1 design units, including 1 entities, in source file throw_dice.v
    Info (12023): Found entity 1: throw_dice File: C:/quartus/HDL_TP4_SUJET1_de/throw_dice.v Line: 1
Info (12021): Found 1 design units, including 1 entities, in source file lfsr8.v
    Info (12023): Found entity 1: lfsr8 File: C:/quartus/HDL_TP4_SUJET1_de/lfsr8.v Line: 1
Warning (10275): Verilog HDL Module Instantiation warning at afficheur_de.v(27): ignored dangling comma in List of Port Connections File: C:/quartus/HDL_TP4_SUJET1_de/afficheur_de.v Line: 27
Info (12021): Found 1 design units, including 1 entities, in source file afficheur_de.v
    Info (12023): Found entity 1: afficheur_de File: C:/quartus/HDL_TP4_SUJET1_de/afficheur_de.v Line: 1
Info (12127): Elaborating entity "simulateur_de" for the top level hierarchy
Warning (10036): Verilog HDL or VHDL warning at simulateur_de.v(20): object "value" assigned a value but never read File: C:/quartus/HDL_TP4_SUJET1_de/simulateur_de.v Line: 20
Warning (10230): Verilog HDL assignment warning at simulateur_de.v(25): truncated value with size 32 to match size of target (3) File: C:/quartus/HDL_TP4_SUJET1_de/simulateur_de.v Line: 25
Warning (10034): Output port "HEX6" at simulateur_de.v(13) has no driver File: C:/quartus/HDL_TP4_SUJET1_de/simulateur_de.v Line: 13
Warning (10034): Output port "HEX7" at simulateur_de.v(14) has no driver File: C:/quartus/HDL_TP4_SUJET1_de/simulateur_de.v Line: 14
Info (12128): Elaborating entity "change_value" for hierarchy "change_value:inc_module" File: C:/quartus/HDL_TP4_SUJET1_de/simulateur_de.v Line: 33
Warning (10230): Verilog HDL assignment warning at change_value.v(13): truncated value with size 32 to match size of target (3) File: C:/quartus/HDL_TP4_SUJET1_de/change_value.v Line: 13
Warning (10230): Verilog HDL assignment warning at change_value.v(15): truncated value with size 32 to match size of target (3) File: C:/quartus/HDL_TP4_SUJET1_de/change_value.v Line: 15
Info (12128): Elaborating entity "throw_dice" for hierarchy "throw_dice:pulled_value" File: C:/quartus/HDL_TP4_SUJET1_de/simulateur_de.v Line: 48
Warning (10230): Verilog HDL assignment warning at throw_dice.v(29): truncated value with size 32 to match size of target (8) File: C:/quartus/HDL_TP4_SUJET1_de/throw_dice.v Line: 29
Warning (10230): Verilog HDL assignment warning at throw_dice.v(30): truncated value with size 32 to match size of target (8) File: C:/quartus/HDL_TP4_SUJET1_de/throw_dice.v Line: 30
Warning (10230): Verilog HDL assignment warning at throw_dice.v(31): truncated value with size 32 to match size of target (8) File: C:/quartus/HDL_TP4_SUJET1_de/throw_dice.v Line: 31
Warning (10230): Verilog HDL assignment warning at throw_dice.v(32): truncated value with size 32 to match size of target (8) File: C:/quartus/HDL_TP4_SUJET1_de/throw_dice.v Line: 32
Warning (10230): Verilog HDL assignment warning at throw_dice.v(33): truncated value with size 32 to match size of target (8) File: C:/quartus/HDL_TP4_SUJET1_de/throw_dice.v Line: 33
Warning (10230): Verilog HDL assignment warning at throw_dice.v(34): truncated value with size 32 to match size of target (8) File: C:/quartus/HDL_TP4_SUJET1_de/throw_dice.v Line: 34
Warning (10230): Verilog HDL assignment warning at throw_dice.v(35): truncated value with size 32 to match size of target (8) File: C:/quartus/HDL_TP4_SUJET1_de/throw_dice.v Line: 35
Warning (10230): Verilog HDL assignment warning at throw_dice.v(36): truncated value with size 32 to match size of target (8) File: C:/quartus/HDL_TP4_SUJET1_de/throw_dice.v Line: 36
Info (12128): Elaborating entity "lfsr8" for hierarchy "throw_dice:pulled_value|lfsr8:rnd_int" File: C:/quartus/HDL_TP4_SUJET1_de/throw_dice.v Line: 23
Info (12128): Elaborating entity "afficheur_de" for hierarchy "afficheur_de:affichage_selection" File: C:/quartus/HDL_TP4_SUJET1_de/simulateur_de.v Line: 72
Info (12128): Elaborating entity "afficheur7s" for hierarchy "afficheur_de:affichage_selection|afficheur7s:hex0_inst" File: C:/quartus/HDL_TP4_SUJET1_de/afficheur_de.v Line: 27
Warning (12241): 2 hierarchies have connectivity warnings - see the Connectivity Checks report folder
Warning (13024): Output pins are stuck at VCC or GND
    Warning (13410): Pin "HEX0[6]" is stuck at GND File: C:/quartus/HDL_TP4_SUJET1_de/simulateur_de.v Line: 9
    Warning (13410): Pin "HEX0[5]" is stuck at GND File: C:/quartus/HDL_TP4_SUJET1_de/simulateur_de.v Line: 9
    Warning (13410): Pin "HEX0[4]" is stuck at GND File: C:/quartus/HDL_TP4_SUJET1_de/simulateur_de.v Line: 9
    Warning (13410): Pin "HEX0[3]" is stuck at GND File: C:/quartus/HDL_TP4_SUJET1_de/simulateur_de.v Line: 9
    Warning (13410): Pin "HEX0[2]" is stuck at GND File: C:/quartus/HDL_TP4_SUJET1_de/simulateur_de.v Line: 9
    Warning (13410): Pin "HEX0[1]" is stuck at VCC File: C:/quartus/HDL_TP4_SUJET1_de/simulateur_de.v Line: 9
    Warning (13410): Pin "HEX0[0]" is stuck at GND File: C:/quartus/HDL_TP4_SUJET1_de/simulateur_de.v Line: 9
    Warning (13410): Pin "HEX1[6]" is stuck at GND File: C:/quartus/HDL_TP4_SUJET1_de/simulateur_de.v Line: 10
    Warning (13410): Pin "HEX1[5]" is stuck at VCC File: C:/quartus/HDL_TP4_SUJET1_de/simulateur_de.v Line: 10
    Warning (13410): Pin "HEX1[4]" is stuck at GND File: C:/quartus/HDL_TP4_SUJET1_de/simulateur_de.v Line: 10
    Warning (13410): Pin "HEX1[3]" is stuck at GND File: C:/quartus/HDL_TP4_SUJET1_de/simulateur_de.v Line: 10
    Warning (13410): Pin "HEX1[2]" is stuck at GND File: C:/quartus/HDL_TP4_SUJET1_de/simulateur_de.v Line: 10
    Warning (13410): Pin "HEX1[1]" is stuck at GND File: C:/quartus/HDL_TP4_SUJET1_de/simulateur_de.v Line: 10
    Warning (13410): Pin "HEX1[0]" is stuck at VCC File: C:/quartus/HDL_TP4_SUJET1_de/simulateur_de.v Line: 10
    Warning (13410): Pin "HEX2[6]" is stuck at VCC File: C:/quartus/HDL_TP4_SUJET1_de/simulateur_de.v Line: 11
    Warning (13410): Pin "HEX2[5]" is stuck at VCC File: C:/quartus/HDL_TP4_SUJET1_de/simulateur_de.v Line: 11
    Warning (13410): Pin "HEX2[4]" is stuck at VCC File: C:/quartus/HDL_TP4_SUJET1_de/simulateur_de.v Line: 11
    Warning (13410): Pin "HEX2[3]" is stuck at VCC File: C:/quartus/HDL_TP4_SUJET1_de/simulateur_de.v Line: 11
    Warning (13410): Pin "HEX2[2]" is stuck at VCC File: C:/quartus/HDL_TP4_SUJET1_de/simulateur_de.v Line: 11
    Warning (13410): Pin "HEX2[1]" is stuck at VCC File: C:/quartus/HDL_TP4_SUJET1_de/simulateur_de.v Line: 11
    Warning (13410): Pin "HEX2[0]" is stuck at VCC File: C:/quartus/HDL_TP4_SUJET1_de/simulateur_de.v Line: 11
    Warning (13410): Pin "HEX3[6]" is stuck at VCC File: C:/quartus/HDL_TP4_SUJET1_de/simulateur_de.v Line: 12
    Warning (13410): Pin "HEX3[5]" is stuck at VCC File: C:/quartus/HDL_TP4_SUJET1_de/simulateur_de.v Line: 12
    Warning (13410): Pin "HEX3[4]" is stuck at VCC File: C:/quartus/HDL_TP4_SUJET1_de/simulateur_de.v Line: 12
    Warning (13410): Pin "HEX3[3]" is stuck at VCC File: C:/quartus/HDL_TP4_SUJET1_de/simulateur_de.v Line: 12
    Warning (13410): Pin "HEX3[2]" is stuck at VCC File: C:/quartus/HDL_TP4_SUJET1_de/simulateur_de.v Line: 12
    Warning (13410): Pin "HEX3[1]" is stuck at VCC File: C:/quartus/HDL_TP4_SUJET1_de/simulateur_de.v Line: 12
    Warning (13410): Pin "HEX3[0]" is stuck at VCC File: C:/quartus/HDL_TP4_SUJET1_de/simulateur_de.v Line: 12
    Warning (13410): Pin "HEX6[6]" is stuck at GND File: C:/quartus/HDL_TP4_SUJET1_de/simulateur_de.v Line: 13
    Warning (13410): Pin "HEX6[5]" is stuck at GND File: C:/quartus/HDL_TP4_SUJET1_de/simulateur_de.v Line: 13
    Warning (13410): Pin "HEX6[4]" is stuck at GND File: C:/quartus/HDL_TP4_SUJET1_de/simulateur_de.v Line: 13
    Warning (13410): Pin "HEX6[3]" is stuck at GND File: C:/quartus/HDL_TP4_SUJET1_de/simulateur_de.v Line: 13
    Warning (13410): Pin "HEX6[2]" is stuck at GND File: C:/quartus/HDL_TP4_SUJET1_de/simulateur_de.v Line: 13
    Warning (13410): Pin "HEX6[1]" is stuck at GND File: C:/quartus/HDL_TP4_SUJET1_de/simulateur_de.v Line: 13
    Warning (13410): Pin "HEX6[0]" is stuck at GND File: C:/quartus/HDL_TP4_SUJET1_de/simulateur_de.v Line: 13
    Warning (13410): Pin "HEX7[6]" is stuck at GND File: C:/quartus/HDL_TP4_SUJET1_de/simulateur_de.v Line: 14
    Warning (13410): Pin "HEX7[5]" is stuck at GND File: C:/quartus/HDL_TP4_SUJET1_de/simulateur_de.v Line: 14
    Warning (13410): Pin "HEX7[4]" is stuck at GND File: C:/quartus/HDL_TP4_SUJET1_de/simulateur_de.v Line: 14
    Warning (13410): Pin "HEX7[3]" is stuck at GND File: C:/quartus/HDL_TP4_SUJET1_de/simulateur_de.v Line: 14
    Warning (13410): Pin "HEX7[2]" is stuck at GND File: C:/quartus/HDL_TP4_SUJET1_de/simulateur_de.v Line: 14
    Warning (13410): Pin "HEX7[1]" is stuck at GND File: C:/quartus/HDL_TP4_SUJET1_de/simulateur_de.v Line: 14
    Warning (13410): Pin "HEX7[0]" is stuck at GND File: C:/quartus/HDL_TP4_SUJET1_de/simulateur_de.v Line: 14
Info (16010): Generating hard_block partition "hard_block:auto_generated_inst"
    Info (16011): Adding 0 node(s), including 0 DDIO, 0 PLL, 0 transceiver and 0 LCELL
Warning (21074): Design contains 4 input pin(s) that do not drive logic
    Warning (15610): No output dependent on input pin "Clk" File: C:/quartus/HDL_TP4_SUJET1_de/simulateur_de.v Line: 4
    Warning (15610): No output dependent on input pin "KEY0" File: C:/quartus/HDL_TP4_SUJET1_de/simulateur_de.v Line: 5
    Warning (15610): No output dependent on input pin "KEY1" File: C:/quartus/HDL_TP4_SUJET1_de/simulateur_de.v Line: 6
    Warning (15610): No output dependent on input pin "KEY2" File: C:/quartus/HDL_TP4_SUJET1_de/simulateur_de.v Line: 7
Info (21057): Implemented 46 device resources after synthesis - the final resource count might be different
    Info (21058): Implemented 4 input pins
    Info (21059): Implemented 42 output pins
Info: Quartus Prime Analysis & Synthesis was successful. 0 errors, 65 warnings
    Info: Peak virtual memory: 4744 megabytes
    Info: Processing ended: Thu Nov 20 12:30:02 2025
    Info: Elapsed time: 00:00:08
    Info: Total CPU time (on all processors): 00:00:16


