Analysis & Synthesis report for cmdmotpap
Tue Sep 30 18:11:13 2025
Quartus Prime Version 17.1.0 Build 590 10/25/2017 SJ Lite Edition


---------------------
; Table of Contents ;
---------------------
  1. Legal Notice
  2. Analysis & Synthesis Summary
  3. Analysis & Synthesis Settings
  4. Parallel Compilation
  5. Analysis & Synthesis Source Files Read
  6. Analysis & Synthesis Resource Usage Summary
  7. Analysis & Synthesis Resource Utilization by Entity
  8. State Machine - |cmdmotpap|EtatPresent
  9. Registers Removed During Synthesis
 10. General Register Statistics
 11. Multiplexer Restructuring Statistics (Restructuring Performed)
 12. Parameter Settings for User Entity Instance: Top-level Entity: |cmdmotpap
 13. Post-Synthesis Netlist Statistics for Top Partition
 14. Elapsed Time Per Partition
 15. Analysis & Synthesis Messages



----------------
; Legal Notice ;
----------------
Copyright (C) 2017  Intel Corporation. All rights reserved.
Your use of Intel Corporation's design tools, logic functions 
and other software and tools, and its AMPP partner logic 
functions, and any output files from any of the foregoing 
(including device programming or simulation files), and any 
associated documentation or information are expressly subject 
to the terms and conditions of the Intel Program License 
Subscription Agreement, the Intel Quartus Prime License Agreement,
the Intel FPGA IP License Agreement, or other applicable license
agreement, including, without limitation, that your use is for
the sole purpose of programming logic devices manufactured by
Intel and sold by Intel or its authorized distributors.  Please
refer to the applicable agreement for further details.



+----------------------------------------------------------------------------------+
; Analysis & Synthesis Summary                                                     ;
+------------------------------------+---------------------------------------------+
; Analysis & Synthesis Status        ; Successful - Tue Sep 30 18:11:13 2025       ;
; Quartus Prime Version              ; 17.1.0 Build 590 10/25/2017 SJ Lite Edition ;
; Revision Name                      ; cmdmotpap                                   ;
; Top-level Entity Name              ; cmdmotpap                                   ;
; Family                             ; Cyclone IV E                                ;
; Total logic elements               ; 34                                          ;
;     Total combinational functions  ; 34                                          ;
;     Dedicated logic registers      ; 9                                           ;
; Total registers                    ; 9                                           ;
; Total pins                         ; 9                                           ;
; Total virtual pins                 ; 0                                           ;
; Total memory bits                  ; 0                                           ;
; Embedded Multiplier 9-bit elements ; 0                                           ;
; Total PLLs                         ; 0                                           ;
+------------------------------------+---------------------------------------------+


+----------------------------------------------------------------------------------------------------------------------+
; Analysis & Synthesis Settings                                                                                        ;
+----------------------------------------------------------------------------+--------------------+--------------------+
; Option                                                                     ; Setting            ; Default Value      ;
+----------------------------------------------------------------------------+--------------------+--------------------+
; Device                                                                     ; EP4CE115F29C7      ;                    ;
; Top-level entity name                                                      ; cmdmotpap          ; cmdmotpap          ;
; Family name                                                                ; Cyclone IV E       ; Cyclone V          ;
; Use smart compilation                                                      ; Off                ; Off                ;
; Enable parallel Assembler and TimeQuest Timing Analyzer during compilation ; On                 ; On                 ;
; Enable compact report table                                                ; Off                ; Off                ;
; Restructure Multiplexers                                                   ; Auto               ; Auto               ;
; Create Debugging Nodes for IP Cores                                        ; Off                ; Off                ;
; Preserve fewer node names                                                  ; On                 ; On                 ;
; Intel FPGA IP Evaluation Mode                                              ; Enable             ; Enable             ;
; Verilog Version                                                            ; Verilog_2001       ; Verilog_2001       ;
; VHDL Version                                                               ; VHDL_1993          ; VHDL_1993          ;
; State Machine Processing                                                   ; Auto               ; Auto               ;
; Safe State Machine                                                         ; Off                ; Off                ;
; Extract Verilog State Machines                                             ; On                 ; On                 ;
; Extract VHDL State Machines                                                ; On                 ; On                 ;
; Ignore Verilog initial constructs                                          ; Off                ; Off                ;
; Iteration limit for constant Verilog loops                                 ; 5000               ; 5000               ;
; Iteration limit for non-constant Verilog loops                             ; 250                ; 250                ;
; Add Pass-Through Logic to Inferred RAMs                                    ; On                 ; On                 ;
; Infer RAMs from Raw Logic                                                  ; On                 ; On                 ;
; Parallel Synthesis                                                         ; On                 ; On                 ;
; DSP Block Balancing                                                        ; Auto               ; Auto               ;
; NOT Gate Push-Back                                                         ; On                 ; On                 ;
; Power-Up Don't Care                                                        ; On                 ; On                 ;
; Remove Redundant Logic Cells                                               ; Off                ; Off                ;
; Remove Duplicate Registers                                                 ; On                 ; On                 ;
; Ignore CARRY Buffers                                                       ; Off                ; Off                ;
; Ignore CASCADE Buffers                                                     ; Off                ; Off                ;
; Ignore GLOBAL Buffers                                                      ; Off                ; Off                ;
; Ignore ROW GLOBAL Buffers                                                  ; Off                ; Off                ;
; Ignore LCELL Buffers                                                       ; Off                ; Off                ;
; Ignore SOFT Buffers                                                        ; On                 ; On                 ;
; Limit AHDL Integers to 32 Bits                                             ; Off                ; Off                ;
; Optimization Technique                                                     ; Balanced           ; Balanced           ;
; Carry Chain Length                                                         ; 70                 ; 70                 ;
; Auto Carry Chains                                                          ; On                 ; On                 ;
; Auto Open-Drain Pins                                                       ; On                 ; On                 ;
; Perform WYSIWYG Primitive Resynthesis                                      ; Off                ; Off                ;
; Auto ROM Replacement                                                       ; On                 ; On                 ;
; Auto RAM Replacement                                                       ; On                 ; On                 ;
; Auto DSP Block Replacement                                                 ; On                 ; On                 ;
; Auto Shift Register Replacement                                            ; Auto               ; Auto               ;
; Allow Shift Register Merging across Hierarchies                            ; Auto               ; Auto               ;
; Auto Clock Enable Replacement                                              ; On                 ; On                 ;
; Strict RAM Replacement                                                     ; Off                ; Off                ;
; Allow Synchronous Control Signals                                          ; On                 ; On                 ;
; Force Use of Synchronous Clear Signals                                     ; Off                ; Off                ;
; Auto RAM Block Balancing                                                   ; On                 ; On                 ;
; Auto RAM to Logic Cell Conversion                                          ; Off                ; Off                ;
; Auto Resource Sharing                                                      ; Off                ; Off                ;
; Allow Any RAM Size For Recognition                                         ; Off                ; Off                ;
; Allow Any ROM Size For Recognition                                         ; Off                ; Off                ;
; Allow Any Shift Register Size For Recognition                              ; Off                ; Off                ;
; Use LogicLock Constraints during Resource Balancing                        ; On                 ; On                 ;
; Ignore translate_off and synthesis_off directives                          ; Off                ; Off                ;
; Timing-Driven Synthesis                                                    ; On                 ; On                 ;
; Report Parameter Settings                                                  ; On                 ; On                 ;
; Report Source Assignments                                                  ; On                 ; On                 ;
; Report Connectivity Checks                                                 ; On                 ; On                 ;
; Ignore Maximum Fan-Out Assignments                                         ; Off                ; Off                ;
; Synchronization Register Chain Length                                      ; 2                  ; 2                  ;
; Power Optimization During Synthesis                                        ; Normal compilation ; Normal compilation ;
; HDL message level                                                          ; Level2             ; Level2             ;
; Suppress Register Optimization Related Messages                            ; Off                ; Off                ;
; Number of Removed Registers Reported in Synthesis Report                   ; 5000               ; 5000               ;
; Number of Swept Nodes Reported in Synthesis Report                         ; 5000               ; 5000               ;
; Number of Inverted Registers Reported in Synthesis Report                  ; 100                ; 100                ;
; Clock MUX Protection                                                       ; On                 ; On                 ;
; Auto Gated Clock Conversion                                                ; Off                ; Off                ;
; Block Design Naming                                                        ; Auto               ; Auto               ;
; SDC constraint protection                                                  ; Off                ; Off                ;
; Synthesis Effort                                                           ; Auto               ; Auto               ;
; Shift Register Replacement - Allow Asynchronous Clear Signal               ; On                 ; On                 ;
; Pre-Mapping Resynthesis Optimization                                       ; Off                ; Off                ;
; Analysis & Synthesis Message Level                                         ; Medium             ; Medium             ;
; Disable Register Merging Across Hierarchies                                ; Auto               ; Auto               ;
; Resource Aware Inference For Block RAM                                     ; On                 ; On                 ;
+----------------------------------------------------------------------------+--------------------+--------------------+


+------------------------------------------+
; Parallel Compilation                     ;
+----------------------------+-------------+
; Processors                 ; Number      ;
+----------------------------+-------------+
; Number detected on machine ; 14          ;
; Maximum allowed            ; 12          ;
;                            ;             ;
; Average used               ; 1.00        ;
; Maximum used               ; 12          ;
;                            ;             ;
; Usage by Processor         ; % Time Used ;
;     Processor 1            ; 100.0%      ;
;     Processors 2-12        ;   0.0%      ;
+----------------------------+-------------+


+----------------------------------------------------------------------------------------------------------------------------+
; Analysis & Synthesis Source Files Read                                                                                     ;
+----------------------------------+-----------------+------------------------+------------------------------------+---------+
; File Name with User-Entered Path ; Used in Netlist ; File Type              ; File Name with Absolute Path       ; Library ;
+----------------------------------+-----------------+------------------------+------------------------------------+---------+
; cmdmotpap.v                      ; yes             ; User Verilog HDL File  ; C:/quartus/HDL_TP3_EX1/cmdmotpap.v ;         ;
+----------------------------------+-----------------+------------------------+------------------------------------+---------+


+-----------------------------------------------------------+
; Analysis & Synthesis Resource Usage Summary               ;
+---------------------------------------------+-------------+
; Resource                                    ; Usage       ;
+---------------------------------------------+-------------+
; Estimated Total logic elements              ; 34          ;
;                                             ;             ;
; Total combinational functions               ; 34          ;
; Logic element usage by number of LUT inputs ;             ;
;     -- 4 input functions                    ; 22          ;
;     -- 3 input functions                    ; 10          ;
;     -- <=2 input functions                  ; 2           ;
;                                             ;             ;
; Logic elements by mode                      ;             ;
;     -- normal mode                          ; 34          ;
;     -- arithmetic mode                      ; 0           ;
;                                             ;             ;
; Total registers                             ; 9           ;
;     -- Dedicated logic registers            ; 9           ;
;     -- I/O registers                        ; 0           ;
;                                             ;             ;
; I/O pins                                    ; 9           ;
;                                             ;             ;
; Embedded Multiplier 9-bit elements          ; 0           ;
;                                             ;             ;
; Maximum fan-out node                        ; OnOff~input ;
; Maximum fan-out                             ; 14          ;
; Total fan-out                               ; 157         ;
; Average fan-out                             ; 2.57        ;
+---------------------------------------------+-------------+


+----------------------------------------------------------------------------------------------------------------------------------------------------------------------------------------------------------+
; Analysis & Synthesis Resource Utilization by Entity                                                                                                                                                      ;
+----------------------------+---------------------+---------------------------+-------------+--------------+---------+-----------+------+--------------+---------------------+-------------+--------------+
; Compilation Hierarchy Node ; Combinational ALUTs ; Dedicated Logic Registers ; Memory Bits ; DSP Elements ; DSP 9x9 ; DSP 18x18 ; Pins ; Virtual Pins ; Full Hierarchy Name ; Entity Name ; Library Name ;
+----------------------------+---------------------+---------------------------+-------------+--------------+---------+-----------+------+--------------+---------------------+-------------+--------------+
; |cmdmotpap                 ; 34 (34)             ; 9 (9)                     ; 0           ; 0            ; 0       ; 0         ; 9    ; 0            ; |cmdmotpap          ; cmdmotpap   ; work         ;
+----------------------------+---------------------+---------------------------+-------------+--------------+---------+-----------+------+--------------+---------------------+-------------+--------------+
Note: For table entries with two numbers listed, the numbers in parentheses indicate the number of resources of the given type used by the specific entity alone. The numbers listed outside of parentheses indicate the total resources of the given type used by the specific entity and all of its sub-entities in the hierarchy.


Encoding Type:  One-Hot
+----------------------------------------------------------------------------------------------------------------------------------------------------------------------------------------------------------+
; State Machine - |cmdmotpap|EtatPresent                                                                                                                                                                   ;
+-----------------------+-------------------+-------------------+-------------------+------------------+------------------+------------------+-----------------------+-----------------+-------------------+
; Name                  ; EtatPresent.PAS32 ; EtatPresent.PAS24 ; EtatPresent.PAS41 ; EtatPresent.PAS4 ; EtatPresent.PAS3 ; EtatPresent.PAS2 ; EtatPresent.INIT_STEP ; EtatPresent.OFF ; EtatPresent.PAS13 ;
+-----------------------+-------------------+-------------------+-------------------+------------------+------------------+------------------+-----------------------+-----------------+-------------------+
; EtatPresent.OFF       ; 0                 ; 0                 ; 0                 ; 0                ; 0                ; 0                ; 0                     ; 0               ; 0                 ;
; EtatPresent.INIT_STEP ; 0                 ; 0                 ; 0                 ; 0                ; 0                ; 0                ; 1                     ; 1               ; 0                 ;
; EtatPresent.PAS2      ; 0                 ; 0                 ; 0                 ; 0                ; 0                ; 1                ; 0                     ; 1               ; 0                 ;
; EtatPresent.PAS3      ; 0                 ; 0                 ; 0                 ; 0                ; 1                ; 0                ; 0                     ; 1               ; 0                 ;
; EtatPresent.PAS4      ; 0                 ; 0                 ; 0                 ; 1                ; 0                ; 0                ; 0                     ; 1               ; 0                 ;
; EtatPresent.PAS41     ; 0                 ; 0                 ; 1                 ; 0                ; 0                ; 0                ; 0                     ; 1               ; 0                 ;
; EtatPresent.PAS24     ; 0                 ; 1                 ; 0                 ; 0                ; 0                ; 0                ; 0                     ; 1               ; 0                 ;
; EtatPresent.PAS32     ; 1                 ; 0                 ; 0                 ; 0                ; 0                ; 0                ; 0                     ; 1               ; 0                 ;
; EtatPresent.PAS13     ; 0                 ; 0                 ; 0                 ; 0                ; 0                ; 0                ; 0                     ; 1               ; 1                 ;
+-----------------------+-------------------+-------------------+-------------------+------------------+------------------+------------------+-----------------------+-----------------+-------------------+


+------------------------------------------------------------+
; Registers Removed During Synthesis                         ;
+---------------------------------------+--------------------+
; Register name                         ; Reason for Removal ;
+---------------------------------------+--------------------+
; EtatPresent~2                         ; Lost fanout        ;
; EtatPresent~3                         ; Lost fanout        ;
; EtatPresent~4                         ; Lost fanout        ;
; Total Number of Removed Registers = 3 ;                    ;
+---------------------------------------+--------------------+


+------------------------------------------------------+
; General Register Statistics                          ;
+----------------------------------------------+-------+
; Statistic                                    ; Value ;
+----------------------------------------------+-------+
; Total registers                              ; 9     ;
; Number of registers using Synchronous Clear  ; 0     ;
; Number of registers using Synchronous Load   ; 0     ;
; Number of registers using Asynchronous Clear ; 0     ;
; Number of registers using Asynchronous Load  ; 0     ;
; Number of registers using Clock Enable       ; 0     ;
; Number of registers using Preset             ; 0     ;
+----------------------------------------------+-------+


+------------------------------------------------------------------------------------------------------------------------------------------+
; Multiplexer Restructuring Statistics (Restructuring Performed)                                                                           ;
+--------------------+-----------+---------------+----------------------+------------------------+------------+----------------------------+
; Multiplexer Inputs ; Bus Width ; Baseline Area ; Area if Restructured ; Saving if Restructured ; Registered ; Example Multiplexer Output ;
+--------------------+-----------+---------------+----------------------+------------------------+------------+----------------------------+
; 3:1                ; 3 bits    ; 6 LEs         ; 3 LEs                ; 3 LEs                  ; No         ; |cmdmotpap|EtatFutur.PAS4  ;
+--------------------+-----------+---------------+----------------------+------------------------+------------+----------------------------+


+---------------------------------------------------------------------------+
; Parameter Settings for User Entity Instance: Top-level Entity: |cmdmotpap ;
+----------------+-------+--------------------------------------------------+
; Parameter Name ; Value ; Type                                             ;
+----------------+-------+--------------------------------------------------+
; INIT_STEP      ; 1     ; Signed Integer                                   ;
+----------------+-------+--------------------------------------------------+
Note: In order to hide this table in the UI and the text report file, please set the "Show Parameter Settings in Synthesis Report" option in "Analysis and Synthesis Settings -> More Settings" to "Off".


+-----------------------------------------------------+
; Post-Synthesis Netlist Statistics for Top Partition ;
+-----------------------+-----------------------------+
; Type                  ; Count                       ;
+-----------------------+-----------------------------+
; boundary_port         ; 9                           ;
; cycloneiii_ff         ; 9                           ;
;     plain             ; 9                           ;
; cycloneiii_io_obuf    ; 4                           ;
; cycloneiii_lcell_comb ; 34                          ;
;     normal            ; 34                          ;
;         2 data inputs ; 2                           ;
;         3 data inputs ; 10                          ;
;         4 data inputs ; 22                          ;
;                       ;                             ;
; Max LUT depth         ; 4.00                        ;
; Average LUT depth     ; 2.52                        ;
+-----------------------+-----------------------------+


+-------------------------------+
; Elapsed Time Per Partition    ;
+----------------+--------------+
; Partition Name ; Elapsed Time ;
+----------------+--------------+
; Top            ; 00:00:00     ;
+----------------+--------------+


+-------------------------------+
; Analysis & Synthesis Messages ;
+-------------------------------+
Info: *******************************************************************
Info: Running Quartus Prime Analysis & Synthesis
    Info: Version 17.1.0 Build 590 10/25/2017 SJ Lite Edition
    Info: Processing started: Tue Sep 30 18:11:05 2025
Info: Command: quartus_map --read_settings_files=on --write_settings_files=off HDL_TP3_EX1_cmdmotpap -c cmdmotpap
Warning (18236): Number of processors has not been specified which may cause overloading on shared machines.  Set the global assignment NUM_PARALLEL_PROCESSORS in your QSF to an appropriate value for best performance.
Info (20030): Parallel compilation is enabled and will use 12 of the 12 processors detected
Info (12021): Found 1 design units, including 1 entities, in source file cmdmotpap.v
    Info (12023): Found entity 1: cmdmotpap File: C:/quartus/HDL_TP3_EX1/cmdmotpap.v Line: 2
Critical Warning (10226): Verilog HDL Port Declaration warning at cmdmotpap.v(24): port declaration for "Phase" declares unpacked dimensions but the data type declaration does not File: C:/quartus/HDL_TP3_EX1/cmdmotpap.v Line: 24
Info (10499): HDL info at cmdmotpap.v(23): see declaration for object "Phase" File: C:/quartus/HDL_TP3_EX1/cmdmotpap.v Line: 23
Warning (10227): Verilog HDL Port Declaration warning at cmdmotpap.v(24): data type declaration for "Phase" declares packed dimensions but the port declaration declaration does not File: C:/quartus/HDL_TP3_EX1/cmdmotpap.v Line: 24
Info (12127): Elaborating entity "cmdmotpap" for the top level hierarchy
Warning (10240): Verilog HDL Always Construct warning at cmdmotpap.v(35): inferring latch(es) for variable "EtatFutur", which holds its previous value in one or more paths through the always construct File: C:/quartus/HDL_TP3_EX1/cmdmotpap.v Line: 35
Info (10041): Inferred latch for "EtatFutur.PAS13" at cmdmotpap.v(35) File: C:/quartus/HDL_TP3_EX1/cmdmotpap.v Line: 35
Info (10041): Inferred latch for "EtatFutur.PAS32" at cmdmotpap.v(35) File: C:/quartus/HDL_TP3_EX1/cmdmotpap.v Line: 35
Info (10041): Inferred latch for "EtatFutur.PAS24" at cmdmotpap.v(35) File: C:/quartus/HDL_TP3_EX1/cmdmotpap.v Line: 35
Info (10041): Inferred latch for "EtatFutur.PAS41" at cmdmotpap.v(35) File: C:/quartus/HDL_TP3_EX1/cmdmotpap.v Line: 35
Info (10041): Inferred latch for "EtatFutur.PAS4" at cmdmotpap.v(35) File: C:/quartus/HDL_TP3_EX1/cmdmotpap.v Line: 35
Info (10041): Inferred latch for "EtatFutur.PAS3" at cmdmotpap.v(35) File: C:/quartus/HDL_TP3_EX1/cmdmotpap.v Line: 35
Info (10041): Inferred latch for "EtatFutur.PAS2" at cmdmotpap.v(35) File: C:/quartus/HDL_TP3_EX1/cmdmotpap.v Line: 35
Info (10041): Inferred latch for "EtatFutur.INIT_STEP" at cmdmotpap.v(35) File: C:/quartus/HDL_TP3_EX1/cmdmotpap.v Line: 35
Info (10041): Inferred latch for "EtatFutur.OFF" at cmdmotpap.v(35) File: C:/quartus/HDL_TP3_EX1/cmdmotpap.v Line: 35
Warning (14026): LATCH primitive "EtatFutur.OFF_1347" is permanently enabled File: C:/quartus/HDL_TP3_EX1/cmdmotpap.v Line: 35
Warning (14026): LATCH primitive "EtatFutur.INIT_STEP_1265" is permanently enabled File: C:/quartus/HDL_TP3_EX1/cmdmotpap.v Line: 35
Warning (14026): LATCH primitive "EtatFutur.PAS2_1183" is permanently enabled File: C:/quartus/HDL_TP3_EX1/cmdmotpap.v Line: 35
Warning (14026): LATCH primitive "EtatFutur.PAS3_1101" is permanently enabled File: C:/quartus/HDL_TP3_EX1/cmdmotpap.v Line: 35
Warning (14026): LATCH primitive "EtatFutur.PAS4_1019" is permanently enabled File: C:/quartus/HDL_TP3_EX1/cmdmotpap.v Line: 35
Warning (14026): LATCH primitive "EtatFutur.PAS41_937" is permanently enabled File: C:/quartus/HDL_TP3_EX1/cmdmotpap.v Line: 35
Warning (14026): LATCH primitive "EtatFutur.PAS24_855" is permanently enabled File: C:/quartus/HDL_TP3_EX1/cmdmotpap.v Line: 35
Warning (14026): LATCH primitive "EtatFutur.PAS32_773" is permanently enabled File: C:/quartus/HDL_TP3_EX1/cmdmotpap.v Line: 35
Warning (14026): LATCH primitive "EtatFutur.PAS13_691" is permanently enabled File: C:/quartus/HDL_TP3_EX1/cmdmotpap.v Line: 35
Info (286030): Timing-Driven Synthesis is running
Info (17049): 3 registers lost all their fanouts during netlist optimizations.
Info (16010): Generating hard_block partition "hard_block:auto_generated_inst"
    Info (16011): Adding 0 node(s), including 0 DDIO, 0 PLL, 0 transceiver and 0 LCELL
Info (21057): Implemented 43 device resources after synthesis - the final resource count might be different
    Info (21058): Implemented 5 input pins
    Info (21059): Implemented 4 output pins
    Info (21061): Implemented 34 logic cells
Info: Quartus Prime Analysis & Synthesis was successful. 0 errors, 13 warnings
    Info: Peak virtual memory: 4823 megabytes
    Info: Processing ended: Tue Sep 30 18:11:13 2025
    Info: Elapsed time: 00:00:08
    Info: Total CPU time (on all processors): 00:00:15


