Flow report for Transcodage
Wed Mar 26 17:43:02 2025
Quartus Prime Version 17.1.0 Build 590 10/25/2017 SJ Lite Edition


---------------------
; Table of Contents ;
---------------------
  1. Legal Notice
  2. Flow Summary
  3. Flow Settings
  4. Flow Non-Default Global Settings
  5. Flow Elapsed Time
  6. Flow OS Summary
  7. Flow Log
  8. Flow Messages
  9. Flow Suppressed Messages



----------------
; Legal Notice ;
----------------
Copyright (C) 2017  Intel Corporation. All rights reserved.
Your use of Intel Corporation's design tools, logic functions 
and other software and tools, and its AMPP partner logic 
functions, and any output files from any of the foregoing 
(including device programming or simulation files), and any 
associated documentation or information are expressly subject 
to the terms and conditions of the Intel Program License 
Subscription Agreement, the Intel Quartus Prime License Agreement,
the Intel FPGA IP License Agreement, or other applicable license
agreement, including, without limitation, that your use is for
the sole purpose of programming logic devices manufactured by
Intel and sold by Intel or its authorized distributors.  Please
refer to the applicable agreement for further details.



+----------------------------------------------------------------------------------+
; Flow Summary                                                                     ;
+------------------------------------+---------------------------------------------+
; Flow Status                        ; Successful - Wed Mar 26 17:42:59 2025       ;
; Quartus Prime Version              ; 17.1.0 Build 590 10/25/2017 SJ Lite Edition ;
; Revision Name                      ; Transcodage                                 ;
; Top-level Entity Name              ; AffichageCode_DE2_115                       ;
; Family                             ; Cyclone IV E                                ;
; Device                             ; EP4CE115F29C7                               ;
; Timing Models                      ; Final                                       ;
; Total logic elements               ; 7 / 114,480 ( < 1 % )                       ;
;     Total combinational functions  ; 7 / 114,480 ( < 1 % )                       ;
;     Dedicated logic registers      ; 0 / 114,480 ( 0 % )                         ;
; Total registers                    ; 0                                           ;
; Total pins                         ; 23 / 529 ( 4 % )                            ;
; Total virtual pins                 ; 0                                           ;
; Total memory bits                  ; 0 / 3,981,312 ( 0 % )                       ;
; Embedded Multiplier 9-bit elements ; 0 / 532 ( 0 % )                             ;
; Total PLLs                         ; 0 / 4 ( 0 % )                               ;
+------------------------------------+---------------------------------------------+


+-----------------------------------------+
; Flow Settings                           ;
+-------------------+---------------------+
; Option            ; Setting             ;
+-------------------+---------------------+
; Start date & time ; 03/26/2025 17:42:38 ;
; Main task         ; Compilation         ;
; Revision Name     ; Transcodage         ;
+-------------------+---------------------+


+-----------------------------------------------------------------------------------------------------------------------------------+
; Flow Non-Default Global Settings                                                                                                  ;
+-------------------------------------+----------------------------------------+---------------+-----------------------+------------+
; Assignment Name                     ; Value                                  ; Default Value ; Entity Name           ; Section Id ;
+-------------------------------------+----------------------------------------+---------------+-----------------------+------------+
; COMPILER_SIGNATURE_ID               ; 44829933242444.174300735828788         ; --            ; --                    ; --         ;
; MAX_CORE_JUNCTION_TEMP              ; 85                                     ; --            ; --                    ; --         ;
; MIN_CORE_JUNCTION_TEMP              ; 0                                      ; --            ; --                    ; --         ;
; NOMINAL_CORE_SUPPLY_VOLTAGE         ; 1.2V                                   ; --            ; --                    ; --         ;
; PARTITION_COLOR                     ; -- (Not supported for targeted family) ; --            ; AffichageCode_DE2_115 ; Top        ;
; PARTITION_FITTER_PRESERVATION_LEVEL ; -- (Not supported for targeted family) ; --            ; AffichageCode_DE2_115 ; Top        ;
; PARTITION_NETLIST_TYPE              ; -- (Not supported for targeted family) ; --            ; AffichageCode_DE2_115 ; Top        ;
; PROJECT_OUTPUT_DIRECTORY            ; output_files                           ; --            ; --                    ; --         ;
; TOP_LEVEL_ENTITY                    ; AffichageCode_DE2_115                  ; Transcodage   ; --                    ; --         ;
+-------------------------------------+----------------------------------------+---------------+-----------------------+------------+


+-------------------------------------------------------------------------------------------------------------------------------+
; Flow Elapsed Time                                                                                                             ;
+---------------------------+--------------+-------------------------+---------------------+------------------------------------+
; Module Name               ; Elapsed Time ; Average Processors Used ; Peak Virtual Memory ; Total CPU Time (on all processors) ;
+---------------------------+--------------+-------------------------+---------------------+------------------------------------+
; Analysis & Synthesis      ; 00:00:09     ; 1.0                     ; 4783 MB             ; 00:00:17                           ;
; Fitter                    ; 00:00:07     ; 1.0                     ; 6289 MB             ; 00:00:13                           ;
; Assembler                 ; 00:00:02     ; 1.0                     ; 4684 MB             ; 00:00:02                           ;
; TimeQuest Timing Analyzer ; 00:00:02     ; 1.0                     ; 4922 MB             ; 00:00:01                           ;
; Total                     ; 00:00:20     ; --                      ; --                  ; 00:00:33                           ;
+---------------------------+--------------+-------------------------+---------------------+------------------------------------+


+-----------------------------------------------------------------------------------------+
; Flow OS Summary                                                                         ;
+---------------------------+------------------+------------+------------+----------------+
; Module Name               ; Machine Hostname ; OS Name    ; OS Version ; Processor type ;
+---------------------------+------------------+------------+------------+----------------+
; Analysis & Synthesis      ; PO-INFO-2024     ; Windows 10 ; 10.0       ; x86_64         ;
; Fitter                    ; PO-INFO-2024     ; Windows 10 ; 10.0       ; x86_64         ;
; Assembler                 ; PO-INFO-2024     ; Windows 10 ; 10.0       ; x86_64         ;
; TimeQuest Timing Analyzer ; PO-INFO-2024     ; Windows 10 ; 10.0       ; x86_64         ;
+---------------------------+------------------+------------+------------+----------------+


------------
; Flow Log ;
------------
quartus_map --read_settings_files=on --write_settings_files=off FS11_3 -c Transcodage
quartus_fit --read_settings_files=off --write_settings_files=off FS11_3 -c Transcodage
quartus_asm --read_settings_files=off --write_settings_files=off FS11_3 -c Transcodage
quartus_sta FS11_3 -c Transcodage



